[28-Sep-2015 14:47:24 UTC] PHP Deprecated:  Assigning the return value of new by reference is deprecated in /var/www/wordpress/wp-content/plugins/db-cache-reloaded-fix/db-cache-reloaded.php on line 91
[28-Sep-2015 14:47:24 UTC] PHP Deprecated:  Assigning the return value of new by reference is deprecated in /var/www/wordpress/wp-content/plugins/db-cache-reloaded-fix/db-cache-reloaded.php on line 91
[28-Sep-2015 14:47:31 UTC] PHP Deprecated:  Assigning the return value of new by reference is deprecated in /var/www/wordpress/wp-content/plugins/db-cache-reloaded-fix/db-cache-reloaded.php on line 91
[28-Sep-2015 14:47:37 UTC] PHP Deprecated:  Assigning the return value of new by reference is deprecated in /var/www/wordpress/wp-content/plugins/db-cache-reloaded-fix/db-cache-reloaded.php on line 91
[28-Sep-2015 14:47:40 UTC] PHP Deprecated:  Assigning the return value of new by reference is deprecated in /var/www/wordpress/wp-content/plugins/db-cache-reloaded-fix/db-cache-reloaded.php on line 91
[28-Sep-2015 14:47:46 UTC] PHP Deprecated:  Assigning the return value of new by reference is deprecated in /var/www/wordpress/wp-content/plugins/db-cache-reloaded-fix/db-cache-reloaded.php on line 91
[28-Sep-2015 14:47:48 UTC] PHP Deprecated:  Assigning the return value of new by reference is deprecated in /var/www/wordpress/wp-content/plugins/db-cache-reloaded-fix/db-cache-reloaded.php on line 91
[28-Sep-2015 14:48:48 UTC] PHP Deprecated:  Assigning the return value of new by reference is deprecated in /var/www/wordpress/wp-content/plugins/db-cache-reloaded-fix/db-cache-reloaded.php on line 91
[28-Sep-2015 14:50:49 UTC] PHP Deprecated:  Assigning the return value of new by reference is deprecated in /var/www/wordpress/wp-content/plugins/db-cache-reloaded-fix/db-cache-reloaded.php on line 91
[28-Sep-2015 14:52:50 UTC] PHP Deprecated:  Assigning the return value of new by reference is deprecated in /var/www/wordpress/wp-content/plugins/db-cache-reloaded-fix/db-cache-reloaded.php on line 91
[28-Sep-2015 14:54:51 UTC] PHP Deprecated:  Assigning the return value of new by reference is deprecated in /var/www/wordpress/wp-content/plugins/db-cache-reloaded-fix/db-cache-reloaded.php on line 91
[28-Sep-2015 14:55:54 UTC] PHP Deprecated:  Assigning the return value of new by reference is deprecated in /var/www/wordpress/wp-content/plugins/db-cache-reloaded-fix/db-cache-reloaded.php on line 91
[28-Sep-2015 14:56:51 UTC] PHP Deprecated:  Assigning the return value of new by reference is deprecated in /var/www/wordpress/wp-content/plugins/db-cache-reloaded-fix/db-cache-reloaded.php on line 91
[28-Sep-2015 14:58:52 UTC] PHP Deprecated:  Assigning the return value of new by reference is deprecated in /var/www/wordpress/wp-content/plugins/db-cache-reloaded-fix/db-cache-reloaded.php on line 91
[28-Sep-2015 15:00:53 UTC] PHP Deprecated:  Assigning the return value of new by reference is deprecated in /var/www/wordpress/wp-content/plugins/db-cache-reloaded-fix/db-cache-reloaded.php on line 91
[28-Sep-2015 15:02:54 UTC] PHP Deprecated:  Assigning the return value of new by reference is deprecated in /var/www/wordpress/wp-content/plugins/db-cache-reloaded-fix/db-cache-reloaded.php on line 91
[28-Sep-2015 15:04:55 UTC] PHP Deprecated:  Assigning the return value of new by reference is deprecated in /var/www/wordpress/wp-content/plugins/db-cache-reloaded-fix/db-cache-reloaded.php on line 91
[28-Sep-2015 15:06:56 UTC] PHP Deprecated:  Assigning the return value of new by reference is deprecated in /var/www/wordpress/wp-content/plugins/db-cache-reloaded-fix/db-cache-reloaded.php on line 91
[28-Sep-2015 15:08:57 UTC] PHP Deprecated:  Assigning the return value of new by reference is deprecated in /var/www/wordpress/wp-content/plugins/db-cache-reloaded-fix/db-cache-reloaded.php on line 91
[28-Sep-2015 15:10:58 UTC] PHP Deprecated:  Assigning the return value of new by reference is deprecated in /var/www/wordpress/wp-content/plugins/db-cache-reloaded-fix/db-cache-reloaded.php on line 91
[28-Sep-2015 15:12:59 UTC] PHP Deprecated:  Assigning the return value of new by reference is deprecated in /var/www/wordpress/wp-content/plugins/db-cache-reloaded-fix/db-cache-reloaded.php on line 91
[28-Sep-2015 15:14:37 UTC] PHP Deprecated:  Assigning the return value of new by reference is deprecated in /var/www/wordpress/wp-content/plugins/db-cache-reloaded-fix/db-cache-reloaded.php on line 91
[28-Sep-2015 15:15:38 UTC] PHP Deprecated:  Assigning the return value of new by reference is deprecated in /var/www/wordpress/wp-content/plugins/db-cache-reloaded-fix/db-cache-reloaded.php on line 91
[28-Sep-2015 15:17:39 UTC] PHP Deprecated:  Assigning the return value of new by reference is deprecated in /var/www/wordpress/wp-content/plugins/db-cache-reloaded-fix/db-cache-reloaded.php on line 91
[28-Sep-2015 15:19:39 UTC] PHP Deprecated:  Assigning the return value of new by reference is deprecated in /var/www/wordpress/wp-content/plugins/db-cache-reloaded-fix/db-cache-reloaded.php on line 91
[28-Sep-2015 15:21:40 UTC] PHP Deprecated:  Assigning the return value of new by reference is deprecated in /var/www/wordpress/wp-content/plugins/db-cache-reloaded-fix/db-cache-reloaded.php on line 91
[28-Sep-2015 15:23:41 UTC] PHP Deprecated:  Assigning the return value of new by reference is deprecated in /var/www/wordpress/wp-content/plugins/db-cache-reloaded-fix/db-cache-reloaded.php on line 91
[28-Sep-2015 16:37:25 UTC] PHP Deprecated:  Assigning the return value of new by reference is deprecated in /var/www/wordpress/wp-content/plugins/db-cache-reloaded-fix/db-cache-reloaded.php on line 91
[28-Sep-2015 16:37:25 UTC] PHP Deprecated:  Assigning the return value of new by reference is deprecated in /var/www/wordpress/wp-content/plugins/db-cache-reloaded-fix/db-cache-reloaded.php on line 91
[28-Sep-2015 16:38:26 UTC] PHP Deprecated:  Assigning the return value of new by reference is deprecated in /var/www/wordpress/wp-content/plugins/db-cache-reloaded-fix/db-cache-reloaded.php on line 91
[28-Sep-2015 16:39:26 UTC] PHP Deprecated:  Assigning the return value of new by reference is deprecated in /var/www/wordpress/wp-content/plugins/db-cache-reloaded-fix/db-cache-reloaded.php on line 91
[28-Sep-2015 16:41:28 UTC] PHP Deprecated:  Assigning the return value of new by reference is deprecated in /var/www/wordpress/wp-content/plugins/db-cache-reloaded-fix/db-cache-reloaded.php on line 91
[28-Sep-2015 16:43:28 UTC] PHP Deprecated:  Assigning the return value of new by reference is deprecated in /var/www/wordpress/wp-content/plugins/db-cache-reloaded-fix/db-cache-reloaded.php on line 91
[28-Sep-2015 16:45:29 UTC] PHP Deprecated:  Assigning the return value of new by reference is deprecated in /var/www/wordpress/wp-content/plugins/db-cache-reloaded-fix/db-cache-reloaded.php on line 91
[28-Sep-2015 16:47:30 UTC] PHP Deprecated:  Assigning the return value of new by reference is deprecated in /var/www/wordpress/wp-content/plugins/db-cache-reloaded-fix/db-cache-reloaded.php on line 91
[28-Sep-2015 16:49:31 UTC] PHP Deprecated:  Assigning the return value of new by reference is deprecated in /var/www/wordpress/wp-content/plugins/db-cache-reloaded-fix/db-cache-reloaded.php on line 91
[10-Nov-2015 11:54:51 UTC] PHP Deprecated:  Assigning the return value of new by reference is deprecated in /var/www/wordpress/wp-content/plugins/db-cache-reloaded-fix/db-cache-reloaded.php on line 91
[10-Nov-2015 11:54:51 UTC] PHP Deprecated:  Assigning the return value of new by reference is deprecated in /var/www/wordpress/wp-content/plugins/db-cache-reloaded-fix/db-cache-reloaded.php on line 91
[10-Nov-2015 11:54:51 UTC] PHP Deprecated:  Assigning the return value of new by reference is deprecated in /var/www/wordpress/wp-content/plugins/db-cache-reloaded-fix/db-cache-reloaded.php on line 91
[10-Nov-2015 11:55:15 UTC] PHP Deprecated:  Assigning the return value of new by reference is deprecated in /var/www/wordpress/wp-content/plugins/db-cache-reloaded-fix/db-cache-reloaded.php on line 91
[10-Nov-2015 11:55:19 UTC] PHP Deprecated:  Assigning the return value of new by reference is deprecated in /var/www/wordpress/wp-content/plugins/db-cache-reloaded-fix/db-cache-reloaded.php on line 91
[10-Nov-2015 11:55:19 UTC] PHP Deprecated:  Assigning the return value of new by reference is deprecated in /var/www/wordpress/wp-content/plugins/db-cache-reloaded-fix/db-cache-reloaded.php on line 91
[10-Nov-2015 11:55:21 UTC] PHP Deprecated:  Assigning the return value of new by reference is deprecated in /var/www/wordpress/wp-content/plugins/db-cache-reloaded-fix/db-cache-reloaded.php on line 91
[10-Nov-2015 11:55:25 UTC] PHP Deprecated:  Assigning the return value of new by reference is deprecated in /var/www/wordpress/wp-content/plugins/db-cache-reloaded-fix/db-cache-reloaded.php on line 91
[10-Nov-2015 11:55:36 UTC] PHP Deprecated:  Assigning the return value of new by reference is deprecated in /var/www/wordpress/wp-content/plugins/db-cache-reloaded-fix/db-cache-reloaded.php on line 91
[10-Nov-2015 11:55:48 UTC] PHP Deprecated:  Assigning the return value of new by reference is deprecated in /var/www/wordpress/wp-content/plugins/db-cache-reloaded-fix/db-cache-reloaded.php on line 91
[10-Nov-2015 11:55:51 UTC] PHP Notice:  Constant EZSQL_VERSION already defined in /var/www/wordpress/wp-content/db.php on line 43
[10-Nov-2015 11:55:51 UTC] PHP Notice:  Constant object already defined in /var/www/wordpress/wp-content/db.php on line 48
[10-Nov-2015 11:55:51 UTC] PHP Notice:  Constant OBJECT_K already defined in /var/www/wordpress/wp-content/db.php on line 53
[10-Nov-2015 11:55:51 UTC] PHP Notice:  Constant ARRAY_A already defined in /var/www/wordpress/wp-content/db.php on line 58
[10-Nov-2015 11:55:51 UTC] PHP Notice:  Constant ARRAY_N already defined in /var/www/wordpress/wp-content/db.php on line 63
[10-Nov-2015 11:55:51 UTC] PHP Deprecated:  Assigning the return value of new by reference is deprecated in /var/www/wordpress/wp-content/plugins/db-cache-reloaded-fix/db-module.php on line 214
[10-Nov-2015 11:55:51 UTC] PHP Notice:  Constant EZSQL_VERSION already defined in /var/www/wordpress/wp-content/plugins/db-cache-reloaded-fix/db-module.php on line 43
[10-Nov-2015 11:55:51 UTC] PHP Notice:  Constant object already defined in /var/www/wordpress/wp-content/plugins/db-cache-reloaded-fix/db-module.php on line 48
[10-Nov-2015 11:55:51 UTC] PHP Notice:  Constant OBJECT_K already defined in /var/www/wordpress/wp-content/plugins/db-cache-reloaded-fix/db-module.php on line 53
[10-Nov-2015 11:55:51 UTC] PHP Notice:  Constant ARRAY_A already defined in /var/www/wordpress/wp-content/plugins/db-cache-reloaded-fix/db-module.php on line 58
[10-Nov-2015 11:55:51 UTC] PHP Notice:  Constant ARRAY_N already defined in /var/www/wordpress/wp-content/plugins/db-cache-reloaded-fix/db-module.php on line 63
[10-Nov-2015 11:55:51 UTC] PHP Deprecated:  Assigning the return value of new by reference is deprecated in /var/www/wordpress/wp-content/plugins/db-cache-reloaded-fix/db-cache-reloaded.php on line 91
[10-Nov-2015 11:56:52 UTC] PHP Notice:  Constant EZSQL_VERSION already defined in /var/www/wordpress/wp-content/db.php on line 43
[10-Nov-2015 11:56:52 UTC] PHP Notice:  Constant object already defined in /var/www/wordpress/wp-content/db.php on line 48
[10-Nov-2015 11:56:52 UTC] PHP Notice:  Constant OBJECT_K already defined in /var/www/wordpress/wp-content/db.php on line 53
[10-Nov-2015 11:56:52 UTC] PHP Notice:  Constant ARRAY_A already defined in /var/www/wordpress/wp-content/db.php on line 58
[10-Nov-2015 11:56:52 UTC] PHP Notice:  Constant ARRAY_N already defined in /var/www/wordpress/wp-content/db.php on line 63
[10-Nov-2015 11:56:52 UTC] PHP Deprecated:  Assigning the return value of new by reference is deprecated in /var/www/wordpress/wp-content/plugins/db-cache-reloaded-fix/db-module.php on line 214
[10-Nov-2015 11:56:52 UTC] PHP Notice:  Constant EZSQL_VERSION already defined in /var/www/wordpress/wp-content/plugins/db-cache-reloaded-fix/db-module.php on line 43
[10-Nov-2015 11:56:52 UTC] PHP Notice:  Constant object already defined in /var/www/wordpress/wp-content/plugins/db-cache-reloaded-fix/db-module.php on line 48
[10-Nov-2015 11:56:52 UTC] PHP Notice:  Constant OBJECT_K already defined in /var/www/wordpress/wp-content/plugins/db-cache-reloaded-fix/db-module.php on line 53
[10-Nov-2015 11:56:52 UTC] PHP Notice:  Constant ARRAY_A already defined in /var/www/wordpress/wp-content/plugins/db-cache-reloaded-fix/db-module.php on line 58
[10-Nov-2015 11:56:52 UTC] PHP Notice:  Constant ARRAY_N already defined in /var/www/wordpress/wp-content/plugins/db-cache-reloaded-fix/db-module.php on line 63
[10-Nov-2015 11:56:52 UTC] PHP Deprecated:  Assigning the return value of new by reference is deprecated in /var/www/wordpress/wp-content/plugins/db-cache-reloaded-fix/db-cache-reloaded.php on line 91
[10-Nov-2015 11:56:52 UTC] PHP Notice:  Constant EZSQL_VERSION already defined in /var/www/wordpress/wp-content/db.php on line 43
[10-Nov-2015 11:56:52 UTC] PHP Notice:  Constant object already defined in /var/www/wordpress/wp-content/db.php on line 48
[10-Nov-2015 11:56:52 UTC] PHP Notice:  Constant OBJECT_K already defined in /var/www/wordpress/wp-content/db.php on line 53
[10-Nov-2015 11:56:52 UTC] PHP Notice:  Constant ARRAY_A already defined in /var/www/wordpress/wp-content/db.php on line 58
[10-Nov-2015 11:56:52 UTC] PHP Notice:  Constant ARRAY_N already defined in /var/www/wordpress/wp-content/db.php on line 63
[10-Nov-2015 11:56:52 UTC] PHP Deprecated:  Assigning the return value of new by reference is deprecated in /var/www/wordpress/wp-content/plugins/db-cache-reloaded-fix/db-module.php on line 214
[10-Nov-2015 11:56:52 UTC] PHP Notice:  Constant EZSQL_VERSION already defined in /var/www/wordpress/wp-content/plugins/db-cache-reloaded-fix/db-module.php on line 43
[10-Nov-2015 11:56:52 UTC] PHP Notice:  Constant object already defined in /var/www/wordpress/wp-content/plugins/db-cache-reloaded-fix/db-module.php on line 48
[10-Nov-2015 11:56:52 UTC] PHP Notice:  Constant OBJECT_K already defined in /var/www/wordpress/wp-content/plugins/db-cache-reloaded-fix/db-module.php on line 53
[10-Nov-2015 11:56:52 UTC] PHP Notice:  Constant ARRAY_A already defined in /var/www/wordpress/wp-content/plugins/db-cache-reloaded-fix/db-module.php on line 58
[10-Nov-2015 11:56:52 UTC] PHP Notice:  Constant ARRAY_N already defined in /var/www/wordpress/wp-content/plugins/db-cache-reloaded-fix/db-module.php on line 63
[10-Nov-2015 11:56:53 UTC] PHP Deprecated:  Assigning the return value of new by reference is deprecated in /var/www/wordpress/wp-content/plugins/db-cache-reloaded-fix/db-cache-reloaded.php on line 91
[10-Nov-2015 11:56:58 UTC] PHP Notice:  Constant EZSQL_VERSION already defined in /var/www/wordpress/wp-content/db.php on line 43
[10-Nov-2015 11:56:58 UTC] PHP Notice:  Constant object already defined in /var/www/wordpress/wp-content/db.php on line 48
[10-Nov-2015 11:56:58 UTC] PHP Notice:  Constant OBJECT_K already defined in /var/www/wordpress/wp-content/db.php on line 53
[10-Nov-2015 11:56:58 UTC] PHP Notice:  Constant ARRAY_A already defined in /var/www/wordpress/wp-content/db.php on line 58
[10-Nov-2015 11:56:58 UTC] PHP Notice:  Constant ARRAY_N already defined in /var/www/wordpress/wp-content/db.php on line 63
[10-Nov-2015 11:56:58 UTC] PHP Deprecated:  Assigning the return value of new by reference is deprecated in /var/www/wordpress/wp-content/plugins/db-cache-reloaded-fix/db-module.php on line 214
[10-Nov-2015 11:56:58 UTC] PHP Notice:  Constant EZSQL_VERSION already defined in /var/www/wordpress/wp-content/plugins/db-cache-reloaded-fix/db-module.php on line 43
[10-Nov-2015 11:56:58 UTC] PHP Notice:  Constant object already defined in /var/www/wordpress/wp-content/plugins/db-cache-reloaded-fix/db-module.php on line 48
[10-Nov-2015 11:56:58 UTC] PHP Notice:  Constant OBJECT_K already defined in /var/www/wordpress/wp-content/plugins/db-cache-reloaded-fix/db-module.php on line 53
[10-Nov-2015 11:56:58 UTC] PHP Notice:  Constant ARRAY_A already defined in /var/www/wordpress/wp-content/plugins/db-cache-reloaded-fix/db-module.php on line 58
[10-Nov-2015 11:56:58 UTC] PHP Notice:  Constant ARRAY_N already defined in /var/www/wordpress/wp-content/plugins/db-cache-reloaded-fix/db-module.php on line 63
[10-Nov-2015 11:56:58 UTC] PHP Deprecated:  Assigning the return value of new by reference is deprecated in /var/www/wordpress/wp-content/plugins/db-cache-reloaded-fix/db-cache-reloaded.php on line 91
[10-Nov-2015 11:57:05 UTC] PHP Notice:  Constant EZSQL_VERSION already defined in /var/www/wordpress/wp-content/db.php on line 43
[10-Nov-2015 11:57:05 UTC] PHP Notice:  Constant object already defined in /var/www/wordpress/wp-content/db.php on line 48
[10-Nov-2015 11:57:05 UTC] PHP Notice:  Constant OBJECT_K already defined in /var/www/wordpress/wp-content/db.php on line 53
[10-Nov-2015 11:57:05 UTC] PHP Notice:  Constant ARRAY_A already defined in /var/www/wordpress/wp-content/db.php on line 58
[10-Nov-2015 11:57:05 UTC] PHP Notice:  Constant ARRAY_N already defined in /var/www/wordpress/wp-content/db.php on line 63
[10-Nov-2015 11:57:05 UTC] PHP Deprecated:  Assigning the return value of new by reference is deprecated in /var/www/wordpress/wp-content/plugins/db-cache-reloaded-fix/db-module.php on line 214
[10-Nov-2015 11:57:05 UTC] PHP Notice:  Constant EZSQL_VERSION already defined in /var/www/wordpress/wp-content/plugins/db-cache-reloaded-fix/db-module.php on line 43
[10-Nov-2015 11:57:05 UTC] PHP Notice:  Constant object already defined in /var/www/wordpress/wp-content/plugins/db-cache-reloaded-fix/db-module.php on line 48
[10-Nov-2015 11:57:05 UTC] PHP Notice:  Constant OBJECT_K already defined in /var/www/wordpress/wp-content/plugins/db-cache-reloaded-fix/db-module.php on line 53
[10-Nov-2015 11:57:05 UTC] PHP Notice:  Constant ARRAY_A already defined in /var/www/wordpress/wp-content/plugins/db-cache-reloaded-fix/db-module.php on line 58
[10-Nov-2015 11:57:05 UTC] PHP Notice:  Constant ARRAY_N already defined in /var/www/wordpress/wp-content/plugins/db-cache-reloaded-fix/db-module.php on line 63
[10-Nov-2015 11:57:05 UTC] PHP Deprecated:  Assigning the return value of new by reference is deprecated in /var/www/wordpress/wp-content/plugins/db-cache-reloaded-fix/db-cache-reloaded.php on line 91
[10-Nov-2015 11:57:10 UTC] PHP Notice:  Constant EZSQL_VERSION already defined in /var/www/wordpress/wp-content/db.php on line 43
[10-Nov-2015 11:57:10 UTC] PHP Notice:  Constant object already defined in /var/www/wordpress/wp-content/db.php on line 48
[10-Nov-2015 11:57:10 UTC] PHP Notice:  Constant OBJECT_K already defined in /var/www/wordpress/wp-content/db.php on line 53
[10-Nov-2015 11:57:10 UTC] PHP Notice:  Constant ARRAY_A already defined in /var/www/wordpress/wp-content/db.php on line 58
[10-Nov-2015 11:57:10 UTC] PHP Notice:  Constant ARRAY_N already defined in /var/www/wordpress/wp-content/db.php on line 63
[10-Nov-2015 11:57:10 UTC] PHP Deprecated:  Assigning the return value of new by reference is deprecated in /var/www/wordpress/wp-content/plugins/db-cache-reloaded-fix/db-module.php on line 214
[10-Nov-2015 11:57:10 UTC] PHP Notice:  Constant EZSQL_VERSION already defined in /var/www/wordpress/wp-content/plugins/db-cache-reloaded-fix/db-module.php on line 43
[10-Nov-2015 11:57:10 UTC] PHP Notice:  Constant object already defined in /var/www/wordpress/wp-content/plugins/db-cache-reloaded-fix/db-module.php on line 48
[10-Nov-2015 11:57:10 UTC] PHP Notice:  Constant OBJECT_K already defined in /var/www/wordpress/wp-content/plugins/db-cache-reloaded-fix/db-module.php on line 53
[10-Nov-2015 11:57:10 UTC] PHP Notice:  Constant ARRAY_A already defined in /var/www/wordpress/wp-content/plugins/db-cache-reloaded-fix/db-module.php on line 58
[10-Nov-2015 11:57:10 UTC] PHP Notice:  Constant ARRAY_N already defined in /var/www/wordpress/wp-content/plugins/db-cache-reloaded-fix/db-module.php on line 63
[10-Nov-2015 11:57:10 UTC] PHP Deprecated:  Assigning the return value of new by reference is deprecated in /var/www/wordpress/wp-content/plugins/db-cache-reloaded-fix/db-cache-reloaded.php on line 91
[30-Nov-2015 16:10:31 UTC] PHP Notice:  Undefined index: test in /var/www/wordpress/wp-content/themes/vaital/page-artists.php on line 51
[30-Nov-2015 16:10:31 UTC] PHP Notice:  Undefined index: test in /var/www/wordpress/wp-content/themes/vaital/page-artists.php on line 51
[30-Nov-2015 16:10:31 UTC] PHP Notice:  Undefined index: test in /var/www/wordpress/wp-content/themes/vaital/page-artists.php on line 51
[30-Nov-2015 16:10:31 UTC] PHP Notice:  Undefined index: test in /var/www/wordpress/wp-content/themes/vaital/page-artists.php on line 51
[30-Nov-2015 16:17:25 UTC] PHP Warning:  Illegal string offset 'image' in /var/www/wordpress/wp-content/themes/vaital/page-artists.php on line 44
[30-Nov-2015 16:17:25 UTC] PHP Notice:  Uninitialized string offset: 0 in /var/www/wordpress/wp-content/themes/vaital/page-artists.php on line 44
[30-Nov-2015 16:17:25 UTC] PHP Warning:  Illegal string offset 'image' in /var/www/wordpress/wp-content/themes/vaital/page-artists.php on line 44
[30-Nov-2015 16:17:25 UTC] PHP Notice:  Uninitialized string offset: 0 in /var/www/wordpress/wp-content/themes/vaital/page-artists.php on line 44
[30-Nov-2015 16:17:31 UTC] PHP Warning:  Illegal string offset 'image' in /var/www/wordpress/wp-content/themes/vaital/page-artists.php on line 44
[30-Nov-2015 16:17:31 UTC] PHP Notice:  Uninitialized string offset: 0 in /var/www/wordpress/wp-content/themes/vaital/page-artists.php on line 44
[30-Nov-2015 16:17:31 UTC] PHP Warning:  Illegal string offset 'image' in /var/www/wordpress/wp-content/themes/vaital/page-artists.php on line 44
[30-Nov-2015 16:17:31 UTC] PHP Notice:  Uninitialized string offset: 0 in /var/www/wordpress/wp-content/themes/vaital/page-artists.php on line 44
[30-Nov-2015 16:17:48 UTC] PHP Warning:  Illegal string offset 'image' in /var/www/wordpress/wp-content/themes/vaital/page-artists.php on line 44
[30-Nov-2015 16:17:48 UTC] PHP Warning:  Illegal string offset 'image' in /var/www/wordpress/wp-content/themes/vaital/page-artists.php on line 44
[30-Nov-2015 16:17:49 UTC] PHP Warning:  Illegal string offset 'image' in /var/www/wordpress/wp-content/themes/vaital/page-artists.php on line 44
[30-Nov-2015 16:17:49 UTC] PHP Warning:  Illegal string offset 'image' in /var/www/wordpress/wp-content/themes/vaital/page-artists.php on line 44
[30-Nov-2015 16:18:02 UTC] PHP Notice:  Undefined index: image in /var/www/wordpress/wp-content/themes/vaital/page-artists.php on line 44
[30-Nov-2015 16:18:02 UTC] PHP Notice:  Undefined index: image in /var/www/wordpress/wp-content/themes/vaital/page-artists.php on line 44
[30-Nov-2015 16:18:03 UTC] PHP Notice:  Undefined index: image in /var/www/wordpress/wp-content/themes/vaital/page-artists.php on line 44
[30-Nov-2015 16:18:03 UTC] PHP Notice:  Undefined index: image in /var/www/wordpress/wp-content/themes/vaital/page-artists.php on line 44
[30-Nov-2015 16:19:07 UTC] PHP Warning:  Illegal string offset 'cf-artistImage' in /var/www/wordpress/wp-content/themes/vaital/page-artists.php on line 43
[30-Nov-2015 16:19:07 UTC] PHP Notice:  Uninitialized string offset: 0 in /var/www/wordpress/wp-content/themes/vaital/page-artists.php on line 43
[30-Nov-2015 16:19:07 UTC] PHP Warning:  Illegal string offset 'cf-artistImage' in /var/www/wordpress/wp-content/themes/vaital/page-artists.php on line 43
[30-Nov-2015 16:19:07 UTC] PHP Notice:  Uninitialized string offset: 0 in /var/www/wordpress/wp-content/themes/vaital/page-artists.php on line 43
[30-Nov-2015 16:19:13 UTC] PHP Warning:  Illegal string offset 'cf-artistImage' in /var/www/wordpress/wp-content/themes/vaital/page-artists.php on line 43
[30-Nov-2015 16:19:13 UTC] PHP Notice:  Uninitialized string offset: 0 in /var/www/wordpress/wp-content/themes/vaital/page-artists.php on line 43
[30-Nov-2015 16:19:13 UTC] PHP Warning:  Illegal string offset 'cf-artistImage' in /var/www/wordpress/wp-content/themes/vaital/page-artists.php on line 43
[30-Nov-2015 16:19:13 UTC] PHP Notice:  Uninitialized string offset: 0 in /var/www/wordpress/wp-content/themes/vaital/page-artists.php on line 43
[30-Nov-2015 16:28:36 UTC] PHP Parse error:  syntax error, unexpected end of file in /var/www/wordpress/wp-content/themes/vaital/category.php on line 131
[30-Nov-2015 16:44:46 UTC] PHP Parse error:  syntax error, unexpected end of file in /var/www/wordpress/wp-content/themes/vaital/category.php on line 131
[30-Nov-2015 16:44:47 UTC] PHP Parse error:  syntax error, unexpected end of file in /var/www/wordpress/wp-content/themes/vaital/category.php on line 131
[30-Nov-2015 16:45:14 UTC] PHP Parse error:  syntax error, unexpected end of file in /var/www/wordpress/wp-content/themes/vaital/category.php on line 131
[30-Nov-2015 16:46:05 UTC] PHP Parse error:  syntax error, unexpected end of file in /var/www/wordpress/wp-content/themes/vaital/category.php on line 130
[30-Nov-2015 16:46:05 UTC] PHP Parse error:  syntax error, unexpected end of file in /var/www/wordpress/wp-content/themes/vaital/category.php on line 130
[30-Nov-2015 16:46:25 UTC] PHP Parse error:  syntax error, unexpected end of file in /var/www/wordpress/wp-content/themes/vaital/category.php on line 130
[30-Nov-2015 18:08:40 UTC] PHP Notice:  Undefined variable: field_value in /var/www/wordpress/wp-content/themes/vaital/tag.php on line 42
[30-Nov-2015 18:08:40 UTC] PHP Notice:  Undefined variable: field_value in /var/www/wordpress/wp-content/themes/vaital/tag.php on line 42
[30-Nov-2015 18:08:49 UTC] PHP Notice:  Undefined variable: field_value in /var/www/wordpress/wp-content/themes/vaital/tag.php on line 42
[30-Nov-2015 18:08:54 UTC] PHP Notice:  Undefined variable: field_value in /var/www/wordpress/wp-content/themes/vaital/tag.php on line 42
[30-Nov-2015 18:09:21 UTC] PHP Notice:  Undefined variable: field_value in /var/www/wordpress/wp-content/themes/vaital/tag.php on line 42
[30-Nov-2015 18:09:21 UTC] PHP Notice:  Undefined variable: field_value in /var/www/wordpress/wp-content/themes/vaital/tag.php on line 42
[30-Nov-2015 18:09:25 UTC] PHP Notice:  Undefined variable: field_value in /var/www/wordpress/wp-content/themes/vaital/tag.php on line 42
[30-Nov-2015 18:09:47 UTC] PHP Notice:  Undefined variable: field_value in /var/www/wordpress/wp-content/themes/vaital/tag.php on line 42
[30-Nov-2015 18:12:02 UTC] PHP Notice:  Undefined variable: field_value in /var/www/wordpress/wp-content/themes/vaital/tag.php on line 42
[30-Nov-2015 18:20:33 UTC] PHP Parse error:  syntax error, unexpected '2' (T_LNUMBER), expecting ',' or ';' in /var/www/wordpress/wp-content/themes/vaital/tag.php on line 51
[30-Nov-2015 18:21:10 UTC] PHP Parse error:  syntax error, unexpected 'echo' (T_ECHO) in /var/www/wordpress/wp-content/themes/vaital/tag.php on line 44
[01-Dec-2015 15:29:23 UTC] PHP Notice:  Undefined variable: field_value in /var/www/wordpress/wp-content/themes/vaital/tag.php on line 42
[01-Dec-2015 15:29:23 UTC] PHP Notice:  Undefined variable: field_value in /var/www/wordpress/wp-content/themes/vaital/tag.php on line 42
[01-Dec-2015 15:29:29 UTC] PHP Notice:  Undefined variable: field_value in /var/www/wordpress/wp-content/themes/vaital/tag.php on line 42
[01-Dec-2015 15:29:31 UTC] PHP Notice:  Undefined variable: field_value in /var/www/wordpress/wp-content/themes/vaital/tag.php on line 42
[01-Dec-2015 15:29:37 UTC] PHP Parse error:  syntax error, unexpected end of file in /var/www/wordpress/wp-content/themes/vaital/category.php on line 131
[01-Dec-2015 15:30:11 UTC] PHP Notice:  Undefined variable: field_value in /var/www/wordpress/wp-content/themes/vaital/tag.php on line 42
[01-Dec-2015 15:33:50 UTC] PHP Notice:  Undefined variable: field_value in /var/www/wordpress/wp-content/themes/vaital/tag.php on line 42
[01-Dec-2015 15:46:34 UTC] PHP Notice:  Undefined variable: field_value in /var/www/wordpress/wp-content/themes/vaital/tag.php on line 55
[01-Dec-2015 15:51:23 UTC] PHP Parse error:  syntax error, unexpected '<' in /var/www/wordpress/wp-content/themes/vaital/tag.php on line 2
[01-Dec-2015 15:51:23 UTC] PHP Parse error:  syntax error, unexpected '<' in /var/www/wordpress/wp-content/themes/vaital/tag.php on line 2
[01-Dec-2015 15:51:35 UTC] PHP Notice:  Undefined variable: field_value in /var/www/wordpress/wp-content/themes/vaital/tag.php on line 59
[01-Dec-2015 15:52:34 UTC] PHP Notice:  Undefined variable: field_value in /var/www/wordpress/wp-content/themes/vaital/tag.php on line 58
[01-Dec-2015 15:52:34 UTC] PHP Notice:  Undefined variable: field_value in /var/www/wordpress/wp-content/themes/vaital/tag.php on line 58
[01-Dec-2015 15:53:17 UTC] PHP Notice:  Undefined variable: field_value in /var/www/wordpress/wp-content/themes/vaital/tag.php on line 58
[01-Dec-2015 15:53:34 UTC] PHP Notice:  Undefined variable: field_value in /var/www/wordpress/wp-content/themes/vaital/tag.php on line 58
[01-Dec-2015 15:54:38 UTC] PHP Parse error:  syntax error, unexpected '=' in /var/www/wordpress/wp-content/themes/vaital/tag.php on line 7
[01-Dec-2015 15:54:38 UTC] PHP Parse error:  syntax error, unexpected '=' in /var/www/wordpress/wp-content/themes/vaital/tag.php on line 7
[01-Dec-2015 15:54:50 UTC] PHP Notice:  Undefined variable: field_value in /var/www/wordpress/wp-content/themes/vaital/tag.php on line 62
[01-Dec-2015 15:56:28 UTC] PHP Notice:  Undefined variable: field_value in /var/www/wordpress/wp-content/themes/vaital/tag.php on line 65
[01-Dec-2015 15:56:29 UTC] PHP Notice:  Undefined variable: field_value in /var/www/wordpress/wp-content/themes/vaital/tag.php on line 65
[01-Dec-2015 15:57:03 UTC] PHP Notice:  Undefined variable: field_value in /var/www/wordpress/wp-content/themes/vaital/tag.php on line 65
[01-Dec-2015 15:57:03 UTC] PHP Notice:  Undefined variable: field_value in /var/www/wordpress/wp-content/themes/vaital/tag.php on line 65
[01-Dec-2015 15:57:03 UTC] PHP Notice:  Undefined variable: field_value in /var/www/wordpress/wp-content/themes/vaital/tag.php on line 65
[01-Dec-2015 15:57:10 UTC] PHP Notice:  Undefined variable: field_value in /var/www/wordpress/wp-content/themes/vaital/tag.php on line 65
[01-Dec-2015 15:57:31 UTC] PHP Notice:  Undefined variable: field_value in /var/www/wordpress/wp-content/themes/vaital/tag.php on line 65
[01-Dec-2015 15:57:31 UTC] PHP Notice:  Undefined variable: field_value in /var/www/wordpress/wp-content/themes/vaital/tag.php on line 65
[01-Dec-2015 15:58:12 UTC] PHP Notice:  Undefined variable: field_value in /var/www/wordpress/wp-content/themes/vaital/tag.php on line 65
[01-Dec-2015 16:03:52 UTC] PHP Notice:  Undefined variable: single_tag_title in /var/www/wordpress/wp-content/themes/vaital/tag.php on line 51
[01-Dec-2015 16:03:52 UTC] PHP Fatal error:  Function name must be a string in /var/www/wordpress/wp-content/themes/vaital/tag.php on line 51
[01-Dec-2015 16:03:52 UTC] PHP Notice:  Undefined variable: single_tag_title in /var/www/wordpress/wp-content/themes/vaital/tag.php on line 51
[01-Dec-2015 16:03:52 UTC] PHP Fatal error:  Function name must be a string in /var/www/wordpress/wp-content/themes/vaital/tag.php on line 51
[01-Dec-2015 16:13:05 UTC] PHP Notice:  Undefined variable: tags in /var/www/wordpress/wp-content/themes/vaital/tag.php on line 3
[01-Dec-2015 16:13:05 UTC] PHP Notice:  Undefined variable: tags in /var/www/wordpress/wp-content/themes/vaital/tag.php on line 3
[01-Dec-2015 16:13:05 UTC] PHP Notice:  Trying to get property of non-object in /var/www/wordpress/wp-content/themes/vaital/tag.php on line 3
[01-Dec-2015 16:13:05 UTC] PHP Notice:  Trying to get property of non-object in /var/www/wordpress/wp-content/themes/vaital/tag.php on line 3
[01-Dec-2015 16:13:13 UTC] PHP Notice:  Undefined variable: tags in /var/www/wordpress/wp-content/themes/vaital/tag.php on line 3
[01-Dec-2015 16:13:13 UTC] PHP Notice:  Trying to get property of non-object in /var/www/wordpress/wp-content/themes/vaital/tag.php on line 3
